<?xml version="1.0" encoding="UTF-8"?>
<testng-results ignored="0" total="1" passed="1" failed="0" skipped="0">
  <reporter-output>
  </reporter-output>
  <suite started-at="2023-01-07T16:46:15 IST" name="Suite" finished-at="2023-01-07T16:46:18 IST" duration-ms="3696">
    <groups>
    </groups>
    <test started-at="2023-01-07T16:46:15 IST" name="Test" finished-at="2023-01-07T16:46:18 IST" duration-ms="3696">
      <class name="maven.Class1">
        <test-method signature="setup()[pri:0, instance:maven.Class1@35aea049]" started-at="2023-01-07T16:46:15 IST" name="setup" finished-at="2023-01-07T16:46:18 IST" duration-ms="3649" status="PASS">
          <reporter-output>
          </reporter-output>
        </test-method> <!-- setup -->
      </class> <!-- maven.Class1 -->
    </test> <!-- Test -->
  </suite> <!-- Suite -->
</testng-results>
